[0.995s] Invoking command in '/home/kouki0224/ros2_ws/src/mypkg': PYTHONPATH=/home/kouki0224/ros2_ws/src/mypkg/build/mypkg/prefix_override:/usr/lib/python3/dist-packages/colcon_core/task/python/colcon_distutils_commands:/home/kouki0224/ros2_ws/src/mypkg/install/mypkg/lib/python3.8/site-packages:${PYTHONPATH} /usr/bin/python3 -W ignore:setup.py install is deprecated setup.py egg_info --egg-base build/mypkg build --build-base /home/kouki0224/ros2_ws/src/mypkg/build/mypkg/build install --record /home/kouki0224/ros2_ws/src/mypkg/build/mypkg/install.log --install-scripts $base/lib/mypkg --single-version-externally-managed install_data
[1.239s] running egg_info
[1.239s] creating build/mypkg/mypkg.egg-info
[1.240s] writing build/mypkg/mypkg.egg-info/PKG-INFO
[1.240s] writing dependency_links to build/mypkg/mypkg.egg-info/dependency_links.txt
[1.241s] writing entry points to build/mypkg/mypkg.egg-info/entry_points.txt
[1.241s] writing requirements to build/mypkg/mypkg.egg-info/requires.txt
[1.242s] writing top-level names to build/mypkg/mypkg.egg-info/top_level.txt
[1.258s] writing manifest file 'build/mypkg/mypkg.egg-info/SOURCES.txt'
[1.297s] reading manifest file 'build/mypkg/mypkg.egg-info/SOURCES.txt'
[1.298s] writing manifest file 'build/mypkg/mypkg.egg-info/SOURCES.txt'
[1.299s] running build
[1.299s] running build_py
[1.299s] creating /home/kouki0224/ros2_ws/src/mypkg/build/mypkg/build
[1.300s] creating /home/kouki0224/ros2_ws/src/mypkg/build/mypkg/build/lib
[1.301s] creating /home/kouki0224/ros2_ws/src/mypkg/build/mypkg/build/lib/mypkg
[1.309s] copying mypkg/listener.py -> /home/kouki0224/ros2_ws/src/mypkg/build/mypkg/build/lib/mypkg
[1.309s] copying mypkg/__init__.py -> /home/kouki0224/ros2_ws/src/mypkg/build/mypkg/build/lib/mypkg
[1.309s] copying mypkg/talker.py -> /home/kouki0224/ros2_ws/src/mypkg/build/mypkg/build/lib/mypkg
[1.309s] running install
[1.309s] running install_lib
[1.310s] creating /home/kouki0224/ros2_ws/src/mypkg/install/mypkg/lib/python3.8/site-packages/mypkg
[1.314s] copying /home/kouki0224/ros2_ws/src/mypkg/build/mypkg/build/lib/mypkg/listener.py -> /home/kouki0224/ros2_ws/src/mypkg/install/mypkg/lib/python3.8/site-packages/mypkg
[1.314s] copying /home/kouki0224/ros2_ws/src/mypkg/build/mypkg/build/lib/mypkg/__init__.py -> /home/kouki0224/ros2_ws/src/mypkg/install/mypkg/lib/python3.8/site-packages/mypkg
[1.314s] copying /home/kouki0224/ros2_ws/src/mypkg/build/mypkg/build/lib/mypkg/talker.py -> /home/kouki0224/ros2_ws/src/mypkg/install/mypkg/lib/python3.8/site-packages/mypkg
[1.314s] byte-compiling /home/kouki0224/ros2_ws/src/mypkg/install/mypkg/lib/python3.8/site-packages/mypkg/listener.py to listener.cpython-38.pyc
[1.315s] byte-compiling /home/kouki0224/ros2_ws/src/mypkg/install/mypkg/lib/python3.8/site-packages/mypkg/__init__.py to __init__.cpython-38.pyc
[1.315s] byte-compiling /home/kouki0224/ros2_ws/src/mypkg/install/mypkg/lib/python3.8/site-packages/mypkg/talker.py to talker.cpython-38.pyc
[1.316s] running install_data
[1.317s] creating /home/kouki0224/ros2_ws/src/mypkg/install/mypkg/share/ament_index
[1.317s] creating /home/kouki0224/ros2_ws/src/mypkg/install/mypkg/share/ament_index/resource_index
[1.317s] creating /home/kouki0224/ros2_ws/src/mypkg/install/mypkg/share/ament_index/resource_index/packages
[1.317s] copying resource/mypkg -> /home/kouki0224/ros2_ws/src/mypkg/install/mypkg/share/ament_index/resource_index/packages
[1.318s] copying package.xml -> /home/kouki0224/ros2_ws/src/mypkg/install/mypkg/share/mypkg
[1.318s] copying launch/talk_listen.launch.py -> /home/kouki0224/ros2_ws/src/mypkg/install/mypkg/share/mypkg
[1.318s] running install_egg_info
[1.321s] Copying build/mypkg/mypkg.egg-info to /home/kouki0224/ros2_ws/src/mypkg/install/mypkg/lib/python3.8/site-packages/mypkg-0.0.0-py3.8.egg-info
[1.323s] running install_scripts
[1.346s] Installing listener script to /home/kouki0224/ros2_ws/src/mypkg/install/mypkg/lib/mypkg
[1.347s] Installing talker script to /home/kouki0224/ros2_ws/src/mypkg/install/mypkg/lib/mypkg
[1.347s] writing list of installed files to '/home/kouki0224/ros2_ws/src/mypkg/build/mypkg/install.log'
[1.374s] Invoked command in '/home/kouki0224/ros2_ws/src/mypkg' returned '0': PYTHONPATH=/home/kouki0224/ros2_ws/src/mypkg/build/mypkg/prefix_override:/usr/lib/python3/dist-packages/colcon_core/task/python/colcon_distutils_commands:/home/kouki0224/ros2_ws/src/mypkg/install/mypkg/lib/python3.8/site-packages:${PYTHONPATH} /usr/bin/python3 -W ignore:setup.py install is deprecated setup.py egg_info --egg-base build/mypkg build --build-base /home/kouki0224/ros2_ws/src/mypkg/build/mypkg/build install --record /home/kouki0224/ros2_ws/src/mypkg/build/mypkg/install.log --install-scripts $base/lib/mypkg --single-version-externally-managed install_data
